<?xml version="1.0" encoding="UTF-8"?>
<!-- Generated by org.testng.reporters.JUnitReportReporter -->
<testsuite skipped="0" hostname="Samir" name="testcases.TC003PayBillSprint" tests="1" failures="0" timestamp="25 Sep 2020 21:43:46 GMT" time="1.094" errors="0">
  <testcase name="payBillSprint" time="1.094" classname="testcases.TC003PayBillSprint"/>
</testsuite> <!-- testcases.TC003PayBillSprint -->
