<?xml version="1.0" encoding="UTF-8"?>
<!-- Generated by org.testng.reporters.JUnitReportReporter -->
<testsuite skipped="0" hostname="Samir" name="testcases.TC004StatementDownload" tests="1" failures="0" timestamp="25 Sep 2020 21:43:46 GMT" time="0.290" errors="0">
  <testcase name="StatementDownload" time="0.290" classname="testcases.TC004StatementDownload"/>
</testsuite> <!-- testcases.TC004StatementDownload -->
