<?xml version="1.0" encoding="UTF-8"?>
<!-- Generated by org.testng.reporters.JUnitReportReporter -->
<testsuite skipped="0" hostname="Samir" name="testcases.TC002AddNewPayee" tests="1" failures="0" timestamp="25 Sep 2020 21:43:46 GMT" time="1.732" errors="0">
  <testcase name="AddPayee" time="1.732" classname="testcases.TC002AddNewPayee"/>
</testsuite> <!-- testcases.TC002AddNewPayee -->
