<?xml version="1.0" encoding="UTF-8"?>
<!-- Generated by org.testng.reporters.JUnitReportReporter -->
<testsuite skipped="0" hostname="Samir" name="testcases.TC003PayBillSprint" tests="1" failures="0" timestamp="26 Sep 2020 04:54:45 GMT" time="1.222" errors="0">
  <testcase name="payBillSprint" time="1.222" classname="testcases.TC003PayBillSprint"/>
</testsuite> <!-- testcases.TC003PayBillSprint -->
